e:\grade2-research\cnnbasedintraprediction\hm-16.0-srcnn\build\vc10\x64\release\tlibcommon\vc120.pdb
e:\grade2-research\cnnbasedintraprediction\hm-16.0-srcnn\build\vc10\x64\release\tlibcommon\libmd5.obj
e:\grade2-research\cnnbasedintraprediction\hm-16.0-srcnn\build\vc10\x64\release\tlibcommon\tcomrom.obj
e:\grade2-research\cnnbasedintraprediction\hm-16.0-srcnn\build\vc10\x64\release\tlibcommon\tcomrdcostweightprediction.obj
e:\grade2-research\cnnbasedintraprediction\hm-16.0-srcnn\build\vc10\x64\release\tlibcommon\tcomrdcost.obj
e:\grade2-research\cnnbasedintraprediction\hm-16.0-srcnn\build\vc10\x64\release\tlibcommon\tcomprediction.obj
e:\grade2-research\cnnbasedintraprediction\hm-16.0-srcnn\build\vc10\x64\release\tlibcommon\tcompicyuvmd5.obj
e:\grade2-research\cnnbasedintraprediction\hm-16.0-srcnn\build\vc10\x64\release\tlibcommon\tcompicyuv.obj
e:\grade2-research\cnnbasedintraprediction\hm-16.0-srcnn\build\vc10\x64\release\tlibcommon\tcompicsym.obj
e:\grade2-research\cnnbasedintraprediction\hm-16.0-srcnn\build\vc10\x64\release\tlibcommon\tcompic.obj
e:\grade2-research\cnnbasedintraprediction\hm-16.0-srcnn\build\vc10\x64\release\tlibcommon\tcompattern.obj
e:\grade2-research\cnnbasedintraprediction\hm-16.0-srcnn\build\vc10\x64\release\tlibcommon\tcommotioninfo.obj
e:\grade2-research\cnnbasedintraprediction\hm-16.0-srcnn\build\vc10\x64\release\tlibcommon\tcomloopfilter.obj
e:\grade2-research\cnnbasedintraprediction\hm-16.0-srcnn\build\vc10\x64\release\tlibcommon\tcominterpolationfilter.obj
e:\grade2-research\cnnbasedintraprediction\hm-16.0-srcnn\build\vc10\x64\release\tlibcommon\tcomdatacu.obj
e:\grade2-research\cnnbasedintraprediction\hm-16.0-srcnn\build\vc10\x64\release\tlibcommon\tcomchromaformat.obj
e:\grade2-research\cnnbasedintraprediction\hm-16.0-srcnn\build\vc10\x64\release\tlibcommon\tcomcabactables.obj
e:\grade2-research\cnnbasedintraprediction\hm-16.0-srcnn\build\vc10\x64\release\tlibcommon\tcombitstream.obj
e:\grade2-research\cnnbasedintraprediction\hm-16.0-srcnn\build\vc10\x64\release\tlibcommon\sei.obj
e:\grade2-research\cnnbasedintraprediction\hm-16.0-srcnn\build\vc10\x64\release\tlibcommon\debug.obj
e:\grade2-research\cnnbasedintraprediction\hm-16.0-srcnn\build\vc10\x64\release\tlibcommon\contextmodel3dbuffer.obj
e:\grade2-research\cnnbasedintraprediction\hm-16.0-srcnn\build\vc10\x64\release\tlibcommon\contextmodel.obj
e:\grade2-research\cnnbasedintraprediction\hm-16.0-srcnn\build\vc10\x64\release\tlibcommon\tcomyuv.obj
e:\grade2-research\cnnbasedintraprediction\hm-16.0-srcnn\build\vc10\x64\release\tlibcommon\tcomweightprediction.obj
e:\grade2-research\cnnbasedintraprediction\hm-16.0-srcnn\build\vc10\x64\release\tlibcommon\tcomtu.obj
e:\grade2-research\cnnbasedintraprediction\hm-16.0-srcnn\build\vc10\x64\release\tlibcommon\tcomtrquant.obj
e:\grade2-research\cnnbasedintraprediction\hm-16.0-srcnn\build\vc10\x64\release\tlibcommon\tcomslice.obj
e:\grade2-research\cnnbasedintraprediction\hm-16.0-srcnn\build\vc10\x64\release\tlibcommon\tcomsampleadaptiveoffset.obj
e:\grade2-research\cnnbasedintraprediction\hm-16.0-srcnn\build\vc10\x64\release\tlibcommon\tlibcommon.lib
e:\grade2-research\cnnbasedintraprediction\hm-16.0-srcnn\build\\vc10\x64\release\tlibcommon\tlibcommon.lib
e:\grade2-research\cnnbasedintraprediction\hm-16.0-srcnn\build\vc10\x64\release\tlibcommon\tlibcommon.tlog\cl.command.1.tlog
e:\grade2-research\cnnbasedintraprediction\hm-16.0-srcnn\build\vc10\x64\release\tlibcommon\tlibcommon.tlog\cl.read.1.tlog
e:\grade2-research\cnnbasedintraprediction\hm-16.0-srcnn\build\vc10\x64\release\tlibcommon\tlibcommon.tlog\cl.write.1.tlog
e:\grade2-research\cnnbasedintraprediction\hm-16.0-srcnn\build\vc10\x64\release\tlibcommon\tlibcommon.tlog\lib-link.read.1.tlog
e:\grade2-research\cnnbasedintraprediction\hm-16.0-srcnn\build\vc10\x64\release\tlibcommon\tlibcommon.tlog\lib-link.write.1.tlog
e:\grade2-research\cnnbasedintraprediction\hm-16.0-srcnn\build\vc10\x64\release\tlibcommon\tlibcommon.tlog\lib.command.1.tlog
