生成启动时间为 2018/5/31 12:12:39。
     1>项目“E:\Grade2-Research\CNNBasedIntraPrediction\HM-16.0-SRCNN - 副本\build\vc10\TLibCommon_vc10.vcxproj”在节点 3 上(Build 个目标)。
     1>ClCompile:
         D:\Program Files\Microsoft Visual Studio 12.0\VC\bin\x86_amd64\CL.exe /c /I"E:\Grade2-Research\CNNBasedIntraPrediction\HM-16.0-SRCNN - 副本\build\\..\source\Lib\\" /I"E:\Grade2-Research\CNNBasedIntraPrediction\HM-16.0-SRCNN - 副本\build\\..\compat\msvc" /Zi /nologo /W3 /WX- /O2 /Ob2 /Ot /GL /D WIN32 /D _LIB /D _CRT_SECURE_NO_WARNINGS /D _MBCS /GF /Gm- /EHsc /MT /GS /Gy /fp:precise /Zc:wchar_t /Zc:forScope /Fo"E:\Grade2-Research\CNNBasedIntraPrediction\HM-16.0-SRCNN - 副本\build\\vc10\x64\Release\TLibCommon\\" /Fd"E:\Grade2-Research\CNNBasedIntraPrediction\HM-16.0-SRCNN - 副本\build\\vc10\x64\Release\TLibCommon\vc120.pdb" /Gd /TC /errorReport:prompt ..\..\source\Lib\libmd5\libmd5.c
         libmd5.c
         D:\Program Files\Microsoft Visual Studio 12.0\VC\bin\x86_amd64\CL.exe /c /I"E:\Grade2-Research\CNNBasedIntraPrediction\HM-16.0-SRCNN - 副本\build\\..\source\Lib\\" /I"E:\Grade2-Research\CNNBasedIntraPrediction\HM-16.0-SRCNN - 副本\build\\..\compat\msvc" /Zi /nologo /W3 /WX- /O2 /Ob2 /Ot /GL /D WIN32 /D _LIB /D _CRT_SECURE_NO_WARNINGS /D _MBCS /GF /Gm- /EHsc /MT /GS /Gy /fp:precise /Zc:wchar_t /Zc:forScope /Fo"E:\Grade2-Research\CNNBasedIntraPrediction\HM-16.0-SRCNN - 副本\build\\vc10\x64\Release\TLibCommon\\" /Fd"E:\Grade2-Research\CNNBasedIntraPrediction\HM-16.0-SRCNN - 副本\build\\vc10\x64\Release\TLibCommon\vc120.pdb" /Gd /TP /errorReport:prompt ..\..\source\Lib\TLibCommon\ContextModel.cpp ..\..\source\Lib\TLibCommon\ContextModel3DBuffer.cpp ..\..\source\Lib\TLibCommon\Debug.cpp ..\..\source\Lib\TLibCommon\SEI.cpp ..\..\source\Lib\TLibCommon\TComBitStream.cpp ..\..\source\Lib\TLibCommon\TComCABACTables.cpp ..\..\source\Lib\TLibCommon\TComChromaFormat.cpp ..\..\source\Lib\TLibCommon\TComDataCU.cpp ..\..\source\Lib\TLibCommon\TComInterpolationFilter.cpp ..\..\source\Lib\TLibCommon\TComLoopFilter.cpp ..\..\source\Lib\TLibCommon\TComMotionInfo.cpp ..\..\source\Lib\TLibCommon\TComPattern.cpp ..\..\source\Lib\TLibCommon\TComPic.cpp ..\..\source\Lib\TLibCommon\TComPicSym.cpp ..\..\source\Lib\TLibCommon\TComPicYuv.cpp ..\..\source\Lib\TLibCommon\TComPicYuvMD5.cpp ..\..\source\Lib\TLibCommon\TComPrediction.cpp ..\..\source\Lib\TLibCommon\TComRdCost.cpp ..\..\source\Lib\TLibCommon\TComRdCostWeightPrediction.cpp ..\..\source\Lib\TLibCommon\TComRom.cpp ..\..\source\Lib\TLibCommon\TComSampleAdaptiveOffset.cpp ..\..\source\Lib\TLibCommon\TComSlice.cpp ..\..\source\Lib\TLibCommon\TComTrQuant.cpp ..\..\source\Lib\TLibCommon\TComTU.cpp ..\..\source\Lib\TLibCommon\TComWeightPrediction.cpp ..\..\source\Lib\TLibCommon\TComYuv.cpp
         ContextModel.cpp
         ContextModel3DBuffer.cpp
         Debug.cpp
         SEI.cpp
         TComBitStream.cpp
         TComCABACTables.cpp
         TComChromaFormat.cpp
         TComDataCU.cpp
         TComInterpolationFilter.cpp
         TComLoopFilter.cpp
         TComMotionInfo.cpp
         TComPattern.cpp
         TComPic.cpp
         TComPicSym.cpp
         TComPicYuv.cpp
         TComPicYuvMD5.cpp
         TComPrediction.cpp
         TComRdCost.cpp
         TComRdCostWeightPrediction.cpp
         TComRom.cpp
         正在编译...
         TComSampleAdaptiveOffset.cpp
         TComSlice.cpp
         TComTrQuant.cpp
         TComTU.cpp
         TComWeightPrediction.cpp
         TComYuv.cpp
       Lib:
         D:\Program Files\Microsoft Visual Studio 12.0\VC\bin\x86_amd64\Lib.exe /OUT:"E:\Grade2-Research\CNNBasedIntraPrediction\HM-16.0-SRCNN - 副本\build\\vc10\x64\Release\TLibCommon\TLibCommon.lib" /NOLOGO /MACHINE:X64 /LTCG "E:\Grade2-Research\CNNBasedIntraPrediction\HM-16.0-SRCNN - 副本\build\\vc10\x64\Release\TLibCommon\libmd5.obj"
         "E:\Grade2-Research\CNNBasedIntraPrediction\HM-16.0-SRCNN - 副本\build\\vc10\x64\Release\TLibCommon\ContextModel.obj"
         "E:\Grade2-Research\CNNBasedIntraPrediction\HM-16.0-SRCNN - 副本\build\\vc10\x64\Release\TLibCommon\ContextModel3DBuffer.obj"
         "E:\Grade2-Research\CNNBasedIntraPrediction\HM-16.0-SRCNN - 副本\build\\vc10\x64\Release\TLibCommon\Debug.obj"
         "E:\Grade2-Research\CNNBasedIntraPrediction\HM-16.0-SRCNN - 副本\build\\vc10\x64\Release\TLibCommon\SEI.obj"
         "E:\Grade2-Research\CNNBasedIntraPrediction\HM-16.0-SRCNN - 副本\build\\vc10\x64\Release\TLibCommon\TComBitStream.obj"
         "E:\Grade2-Research\CNNBasedIntraPrediction\HM-16.0-SRCNN - 副本\build\\vc10\x64\Release\TLibCommon\TComCABACTables.obj"
         "E:\Grade2-Research\CNNBasedIntraPrediction\HM-16.0-SRCNN - 副本\build\\vc10\x64\Release\TLibCommon\TComChromaFormat.obj"
         "E:\Grade2-Research\CNNBasedIntraPrediction\HM-16.0-SRCNN - 副本\build\\vc10\x64\Release\TLibCommon\TComDataCU.obj"
         "E:\Grade2-Research\CNNBasedIntraPrediction\HM-16.0-SRCNN - 副本\build\\vc10\x64\Release\TLibCommon\TComInterpolationFilter.obj"
         "E:\Grade2-Research\CNNBasedIntraPrediction\HM-16.0-SRCNN - 副本\build\\vc10\x64\Release\TLibCommon\TComLoopFilter.obj"
         "E:\Grade2-Research\CNNBasedIntraPrediction\HM-16.0-SRCNN - 副本\build\\vc10\x64\Release\TLibCommon\TComMotionInfo.obj"
         "E:\Grade2-Research\CNNBasedIntraPrediction\HM-16.0-SRCNN - 副本\build\\vc10\x64\Release\TLibCommon\TComPattern.obj"
         "E:\Grade2-Research\CNNBasedIntraPrediction\HM-16.0-SRCNN - 副本\build\\vc10\x64\Release\TLibCommon\TComPic.obj"
         "E:\Grade2-Research\CNNBasedIntraPrediction\HM-16.0-SRCNN - 副本\build\\vc10\x64\Release\TLibCommon\TComPicSym.obj"
         "E:\Grade2-Research\CNNBasedIntraPrediction\HM-16.0-SRCNN - 副本\build\\vc10\x64\Release\TLibCommon\TComPicYuv.obj"
         "E:\Grade2-Research\CNNBasedIntraPrediction\HM-16.0-SRCNN - 副本\build\\vc10\x64\Release\TLibCommon\TComPicYuvMD5.obj"
         "E:\Grade2-Research\CNNBasedIntraPrediction\HM-16.0-SRCNN - 副本\build\\vc10\x64\Release\TLibCommon\TComPrediction.obj"
         "E:\Grade2-Research\CNNBasedIntraPrediction\HM-16.0-SRCNN - 副本\build\\vc10\x64\Release\TLibCommon\TComRdCost.obj"
         "E:\Grade2-Research\CNNBasedIntraPrediction\HM-16.0-SRCNN - 副本\build\\vc10\x64\Release\TLibCommon\TComRdCostWeightPrediction.obj"
         "E:\Grade2-Research\CNNBasedIntraPrediction\HM-16.0-SRCNN - 副本\build\\vc10\x64\Release\TLibCommon\TComRom.obj"
         "E:\Grade2-Research\CNNBasedIntraPrediction\HM-16.0-SRCNN - 副本\build\\vc10\x64\Release\TLibCommon\TComSampleAdaptiveOffset.obj"
         "E:\Grade2-Research\CNNBasedIntraPrediction\HM-16.0-SRCNN - 副本\build\\vc10\x64\Release\TLibCommon\TComSlice.obj"
         "E:\Grade2-Research\CNNBasedIntraPrediction\HM-16.0-SRCNN - 副本\build\\vc10\x64\Release\TLibCommon\TComTrQuant.obj"
         "E:\Grade2-Research\CNNBasedIntraPrediction\HM-16.0-SRCNN - 副本\build\\vc10\x64\Release\TLibCommon\TComTU.obj"
         "E:\Grade2-Research\CNNBasedIntraPrediction\HM-16.0-SRCNN - 副本\build\\vc10\x64\Release\TLibCommon\TComWeightPrediction.obj"
         "E:\Grade2-Research\CNNBasedIntraPrediction\HM-16.0-SRCNN - 副本\build\\vc10\x64\Release\TLibCommon\TComYuv.obj"
         TLibCommon_vc10.vcxproj -> E:\Grade2-Research\CNNBasedIntraPrediction\HM-16.0-SRCNN - 副本\build\\vc10\x64\Release\TLibCommon\TLibCommon.lib
     1>已完成生成项目“E:\Grade2-Research\CNNBasedIntraPrediction\HM-16.0-SRCNN - 副本\build\vc10\TLibCommon_vc10.vcxproj”(Build 个目标)的操作。

生成成功。

已用时间 00:00:12.42
