e:\grade2-research\cnnbasedintraprediction\hm-16.0-srcnn - 副本\build\vc10\x64\release\tappdecoder\vc120.pdb
e:\grade2-research\cnnbasedintraprediction\hm-16.0-srcnn - 副本\build\vc10\x64\release\tappdecoder\decmain.obj
e:\grade2-research\cnnbasedintraprediction\hm-16.0-srcnn - 副本\build\vc10\x64\release\tappdecoder\tappdectop.obj
e:\grade2-research\cnnbasedintraprediction\hm-16.0-srcnn - 副本\build\vc10\x64\release\tappdecoder\tappdeccfg.obj
e:\grade2-research\cnnbasedintraprediction\hm-16.0-srcnn\build\vc10\x64\release\tappdecoder\vc120.pdb
e:\grade2-research\cnnbasedintraprediction\hm-16.0-srcnn\build\vc10\x64\release\tappdecoder\decmain.obj
e:\grade2-research\cnnbasedintraprediction\hm-16.0-srcnn\build\vc10\x64\release\tappdecoder\tappdectop.obj
e:\grade2-research\cnnbasedintraprediction\hm-16.0-srcnn\build\vc10\x64\release\tappdecoder\tappdeccfg.obj
e:\grade2-research\cnnbasedintraprediction\hm-16.0-srcnn - 副本\bin\vc10\x64\release\tappdecoder.exe
e:\grade2-research\cnnbasedintraprediction\hm-16.0-srcnn - 副本\bin\vc10\x64\release\tappdecoder.pdb
e:\grade2-research\cnnbasedintraprediction\hm-16.0-srcnn\bin\vc10\x64\release\tappdecoder.exe
e:\grade2-research\cnnbasedintraprediction\hm-16.0-srcnn\bin\vc10\x64\release\tappdecoder.pdb
e:\grade2-research\cnnbasedintraprediction\hm-16.0-srcnn\build\\..\bin\vc10\x64\release\tappdecoder.pdb
e:\grade2-research\cnnbasedintraprediction\hm-16.0-srcnn\build\\..\bin\vc10\x64\release\tappdecoder.exe
e:\grade2-research\cnnbasedintraprediction\hm-16.0-srcnn\build\vc10\x64\release\tappdecoder\tappdecoder.tlog\cl.command.1.tlog
e:\grade2-research\cnnbasedintraprediction\hm-16.0-srcnn\build\vc10\x64\release\tappdecoder\tappdecoder.tlog\cl.read.1.tlog
e:\grade2-research\cnnbasedintraprediction\hm-16.0-srcnn\build\vc10\x64\release\tappdecoder\tappdecoder.tlog\cl.write.1.tlog
e:\grade2-research\cnnbasedintraprediction\hm-16.0-srcnn\build\vc10\x64\release\tappdecoder\tappdecoder.tlog\link.command.1.tlog
e:\grade2-research\cnnbasedintraprediction\hm-16.0-srcnn\build\vc10\x64\release\tappdecoder\tappdecoder.tlog\link.read.1.tlog
e:\grade2-research\cnnbasedintraprediction\hm-16.0-srcnn\build\vc10\x64\release\tappdecoder\tappdecoder.tlog\link.write.1.tlog
