e:\grade2-research\cnnbasedintraprediction\hm-16.0-srcnn\build\vc10\x64\release\tlibencoder\vc120.pdb
e:\grade2-research\cnnbasedintraprediction\hm-16.0-srcnn\build\vc10\x64\release\tlibencoder\weightpredanalysis.obj
e:\grade2-research\cnnbasedintraprediction\hm-16.0-srcnn\build\vc10\x64\release\tlibencoder\tenctop.obj
e:\grade2-research\cnnbasedintraprediction\hm-16.0-srcnn\build\vc10\x64\release\tlibencoder\tencslice.obj
e:\grade2-research\cnnbasedintraprediction\hm-16.0-srcnn\build\vc10\x64\release\tlibencoder\tencsearch.obj
e:\grade2-research\cnnbasedintraprediction\hm-16.0-srcnn\build\vc10\x64\release\tlibencoder\tencsbac.obj
e:\grade2-research\cnnbasedintraprediction\hm-16.0-srcnn\build\vc10\x64\release\tlibencoder\tencsampleadaptiveoffset.obj
e:\grade2-research\cnnbasedintraprediction\hm-16.0-srcnn\build\vc10\x64\release\tlibencoder\tencratectrl.obj
e:\grade2-research\cnnbasedintraprediction\hm-16.0-srcnn\build\vc10\x64\release\tlibencoder\tencpreanalyzer.obj
e:\grade2-research\cnnbasedintraprediction\hm-16.0-srcnn\build\vc10\x64\release\tlibencoder\tencpic.obj
e:\grade2-research\cnnbasedintraprediction\hm-16.0-srcnn\build\vc10\x64\release\tlibencoder\tencgop.obj
e:\grade2-research\cnnbasedintraprediction\hm-16.0-srcnn\build\vc10\x64\release\tlibencoder\tencentropy.obj
e:\grade2-research\cnnbasedintraprediction\hm-16.0-srcnn\build\vc10\x64\release\tlibencoder\tenccu.obj
e:\grade2-research\cnnbasedintraprediction\hm-16.0-srcnn\build\vc10\x64\release\tlibencoder\tenccavlc.obj
e:\grade2-research\cnnbasedintraprediction\hm-16.0-srcnn\build\vc10\x64\release\tlibencoder\tencbincodercabaccounter.obj
e:\grade2-research\cnnbasedintraprediction\hm-16.0-srcnn\build\vc10\x64\release\tlibencoder\tencbincodercabac.obj
e:\grade2-research\cnnbasedintraprediction\hm-16.0-srcnn\build\vc10\x64\release\tlibencoder\tencanalyze.obj
e:\grade2-research\cnnbasedintraprediction\hm-16.0-srcnn\build\vc10\x64\release\tlibencoder\syntaxelementwriter.obj
e:\grade2-research\cnnbasedintraprediction\hm-16.0-srcnn\build\vc10\x64\release\tlibencoder\seiwrite.obj
e:\grade2-research\cnnbasedintraprediction\hm-16.0-srcnn\build\vc10\x64\release\tlibencoder\nalwrite.obj
e:\grade2-research\cnnbasedintraprediction\hm-16.0-srcnn\build\vc10\x64\release\tlibencoder\tlibencoder.lib
e:\grade2-research\cnnbasedintraprediction\hm-16.0-srcnn\build\\vc10\x64\release\tlibencoder\tlibencoder.lib
e:\grade2-research\cnnbasedintraprediction\hm-16.0-srcnn\build\vc10\x64\release\tlibencoder\tlibencoder.tlog\cl.command.1.tlog
e:\grade2-research\cnnbasedintraprediction\hm-16.0-srcnn\build\vc10\x64\release\tlibencoder\tlibencoder.tlog\cl.read.1.tlog
e:\grade2-research\cnnbasedintraprediction\hm-16.0-srcnn\build\vc10\x64\release\tlibencoder\tlibencoder.tlog\cl.write.1.tlog
e:\grade2-research\cnnbasedintraprediction\hm-16.0-srcnn\build\vc10\x64\release\tlibencoder\tlibencoder.tlog\lib-link.read.1.tlog
e:\grade2-research\cnnbasedintraprediction\hm-16.0-srcnn\build\vc10\x64\release\tlibencoder\tlibencoder.tlog\lib-link.write.1.tlog
e:\grade2-research\cnnbasedintraprediction\hm-16.0-srcnn\build\vc10\x64\release\tlibencoder\tlibencoder.tlog\lib.command.1.tlog
