生成启动时间为 2018/5/31 12:11:02。
     1>项目“E:\Grade2-Research\CNNBasedIntraPrediction\HM-16.0-SRCNN - 副本\build\vc10\TAppEncoder_vc10.vcxproj”在节点 2 上(Build 个目标)。
     1>ClCompile:
         D:\Program Files\Microsoft Visual Studio 12.0\VC\bin\x86_amd64\CL.exe /c /I"E:\Grade2-Research\CNNBasedIntraPrediction\HM-16.0-SRCNN - 副本\build\\..\source\Lib\\" /I"E:\Grade2-Research\CNNBasedIntraPrediction\HM-16.0-SRCNN - 副本\build\\..\compat\msvc" /Zi /nologo /W3 /WX- /Od /D WIN32 /D _DEBUG /D _CONSOLE /D _CRT_SECURE_NO_WARNINGS /D _MBCS /Gm /EHsc /RTC1 /MTd /GS /fp:precise /Zc:wchar_t /Zc:forScope /Fo"E:\Grade2-Research\CNNBasedIntraPrediction\HM-16.0-SRCNN - 副本\build\\vc10\x64\Debug\TAppEncoder\\" /Fd"E:\Grade2-Research\CNNBasedIntraPrediction\HM-16.0-SRCNN - 副本\build\\vc10\x64\Debug\TAppEncoder\vc120.pdb" /Gd /TP /errorReport:prompt ..\..\source\App\TAppEncoder\encmain.cpp ..\..\source\App\TAppEncoder\TAppEncCfg.cpp ..\..\source\App\TAppEncoder\TAppEncTop.cpp
         TAppEncTop.cpp
         TAppEncCfg.cpp
         encmain.cpp
         正在生成代码...
       Link:
         D:\Program Files\Microsoft Visual Studio 12.0\VC\bin\x86_amd64\link.exe /ERRORREPORT:PROMPT /OUT:"E:\Grade2-Research\CNNBasedIntraPrediction\HM-16.0-SRCNN - 副本\build\\..\bin\vc10\x64\Debug\TAppEncoder.exe" /INCREMENTAL /NOLOGO kernel32.lib user32.lib gdi32.lib winspool.lib comdlg32.lib advapi32.lib shell32.lib ole32.lib oleaut32.lib uuid.lib odbc32.lib odbccp32.lib /MANIFEST /MANIFESTUAC:"level='asInvoker' uiAccess='false'" /manifest:embed /DEBUG /PDB:"E:\Grade2-Research\CNNBasedIntraPrediction\HM-16.0-SRCNN - 副本\build\\..\bin\vc10\x64\Debug\TAppEncoder.pdb" /SUBSYSTEM:CONSOLE /TLBID:1 /DYNAMICBASE /NXCOMPAT /IMPLIB:"E:\Grade2-Research\CNNBasedIntraPrediction\HM-16.0-SRCNN - 副本\build\\..\bin\vc10\x64\Debug\TAppEncoder.lib" /MACHINE:X64 "E:\Grade2-Research\CNNBasedIntraPrediction\HM-16.0-SRCNN - 副本\build\\vc10\x64\Debug\TAppEncoder\encmain.obj"
         "E:\Grade2-Research\CNNBasedIntraPrediction\HM-16.0-SRCNN - 副本\build\\vc10\x64\Debug\TAppEncoder\TAppEncCfg.obj"
         "E:\Grade2-Research\CNNBasedIntraPrediction\HM-16.0-SRCNN - 副本\build\\vc10\x64\Debug\TAppEncoder\TAppEncTop.obj"
         "E:\Grade2-Research\CNNBasedIntraPrediction\HM-16.0-SRCNN - 副本\build\vc10\x64\Debug\TAppCommon\TAppCommon.lib"
         "E:\Grade2-Research\CNNBasedIntraPrediction\HM-16.0-SRCNN - 副本\build\vc10\x64\Debug\TLibCommon\TLibCommon.lib"
         "E:\Grade2-Research\CNNBasedIntraPrediction\HM-16.0-SRCNN - 副本\build\vc10\x64\Debug\TLibEncoder\TLibEncoder.lib"
         "E:\Grade2-Research\CNNBasedIntraPrediction\HM-16.0-SRCNN - 副本\build\vc10\x64\Debug\TLibVideoIo\TLibVideoIO.lib"
         TAppEncoder_vc10.vcxproj -> E:\Grade2-Research\CNNBasedIntraPrediction\HM-16.0-SRCNN - 副本\build\\..\bin\vc10\x64\Debug\TAppEncoder.exe
     1>已完成生成项目“E:\Grade2-Research\CNNBasedIntraPrediction\HM-16.0-SRCNN - 副本\build\vc10\TAppEncoder_vc10.vcxproj”(Build 个目标)的操作。

生成成功。

已用时间 00:00:03.64
