e:\grade2-research\cnnbasedintraprediction\hm-16.0-srcnn\build\vc10\x64\debug\tappencoder\vc120.pdb
e:\grade2-research\cnnbasedintraprediction\hm-16.0-srcnn\build\vc10\x64\debug\tappencoder\vc120.idb
e:\grade2-research\cnnbasedintraprediction\hm-16.0-srcnn\build\vc10\x64\debug\tappencoder\encmain.obj
e:\grade2-research\cnnbasedintraprediction\hm-16.0-srcnn\build\vc10\x64\debug\tappencoder\tappenccfg.obj
e:\grade2-research\cnnbasedintraprediction\hm-16.0-srcnn\build\vc10\x64\debug\tappencoder\tappenctop.obj
e:\grade2-research\cnnbasedintraprediction\hm-16.0-srcnn - 副本\build\vc10\x64\debug\tappencoder\vc120.pdb
e:\grade2-research\cnnbasedintraprediction\hm-16.0-srcnn - 副本\build\vc10\x64\debug\tappencoder\vc120.idb
e:\grade2-research\cnnbasedintraprediction\hm-16.0-srcnn - 副本\build\vc10\x64\debug\tappencoder\encmain.obj
e:\grade2-research\cnnbasedintraprediction\hm-16.0-srcnn - 副本\build\vc10\x64\debug\tappencoder\tappenccfg.obj
e:\grade2-research\cnnbasedintraprediction\hm-16.0-srcnn - 副本\build\vc10\x64\debug\tappencoder\tappenctop.obj
e:\grade2-research\cnnbasedintraprediction\hm-16.0-srcnn - 副本\bin\vc10\x64\debug\tappencoder.ilk
e:\grade2-research\cnnbasedintraprediction\hm-16.0-srcnn - 副本\bin\vc10\x64\debug\tappencoder.exe
e:\grade2-research\cnnbasedintraprediction\hm-16.0-srcnn - 副本\bin\vc10\x64\debug\tappencoder.pdb
e:\grade2-research\cnnbasedintraprediction\hm-16.0-srcnn\bin\vc10\x64\debug\tappencoder.ilk
e:\grade2-research\cnnbasedintraprediction\hm-16.0-srcnn\bin\vc10\x64\debug\tappencoder.exe
e:\grade2-research\cnnbasedintraprediction\hm-16.0-srcnn\bin\vc10\x64\debug\tappencoder.pdb
e:\grade2-research\cnnbasedintraprediction\hm-16.0-srcnn\build\\..\bin\vc10\x64\debug\tappencoder.pdb
e:\grade2-research\cnnbasedintraprediction\hm-16.0-srcnn\build\\..\bin\vc10\x64\debug\tappencoder.exe
e:\grade2-research\cnnbasedintraprediction\hm-16.0-srcnn\build\\..\bin\vc10\x64\debug\tappencoder.ilk
e:\grade2-research\cnnbasedintraprediction\hm-16.0-srcnn\build\vc10\x64\debug\tappencoder\tappencoder.tlog\cl.command.1.tlog
e:\grade2-research\cnnbasedintraprediction\hm-16.0-srcnn\build\vc10\x64\debug\tappencoder\tappencoder.tlog\cl.read.1.tlog
e:\grade2-research\cnnbasedintraprediction\hm-16.0-srcnn\build\vc10\x64\debug\tappencoder\tappencoder.tlog\cl.write.1.tlog
e:\grade2-research\cnnbasedintraprediction\hm-16.0-srcnn\build\vc10\x64\debug\tappencoder\tappencoder.tlog\link.command.1.tlog
e:\grade2-research\cnnbasedintraprediction\hm-16.0-srcnn\build\vc10\x64\debug\tappencoder\tappencoder.tlog\link.read.1.tlog
e:\grade2-research\cnnbasedintraprediction\hm-16.0-srcnn\build\vc10\x64\debug\tappencoder\tappencoder.tlog\link.write.1.tlog
