e:\grade2-research\cnnbasedintraprediction\hm-16.0-srcnn - 副本\build\vc10\x64\release\tlibdecoder\vc120.pdb
e:\grade2-research\cnnbasedintraprediction\hm-16.0-srcnn - 副本\build\vc10\x64\release\tlibdecoder\tdectop.obj
e:\grade2-research\cnnbasedintraprediction\hm-16.0-srcnn - 副本\build\vc10\x64\release\tlibdecoder\tdecslice.obj
e:\grade2-research\cnnbasedintraprediction\hm-16.0-srcnn - 副本\build\vc10\x64\release\tlibdecoder\tdecsbac.obj
e:\grade2-research\cnnbasedintraprediction\hm-16.0-srcnn - 副本\build\vc10\x64\release\tlibdecoder\tdecgop.obj
e:\grade2-research\cnnbasedintraprediction\hm-16.0-srcnn - 副本\build\vc10\x64\release\tlibdecoder\tdecentropy.obj
e:\grade2-research\cnnbasedintraprediction\hm-16.0-srcnn - 副本\build\vc10\x64\release\tlibdecoder\tdeccu.obj
e:\grade2-research\cnnbasedintraprediction\hm-16.0-srcnn - 副本\build\vc10\x64\release\tlibdecoder\tdeccavlc.obj
e:\grade2-research\cnnbasedintraprediction\hm-16.0-srcnn - 副本\build\vc10\x64\release\tlibdecoder\tdecbincodercabac.obj
e:\grade2-research\cnnbasedintraprediction\hm-16.0-srcnn - 副本\build\vc10\x64\release\tlibdecoder\syntaxelementparser.obj
e:\grade2-research\cnnbasedintraprediction\hm-16.0-srcnn - 副本\build\vc10\x64\release\tlibdecoder\seiread.obj
e:\grade2-research\cnnbasedintraprediction\hm-16.0-srcnn - 副本\build\vc10\x64\release\tlibdecoder\nalread.obj
e:\grade2-research\cnnbasedintraprediction\hm-16.0-srcnn - 副本\build\vc10\x64\release\tlibdecoder\annexbread.obj
e:\grade2-research\cnnbasedintraprediction\hm-16.0-srcnn\build\vc10\x64\release\tlibdecoder\vc120.pdb
e:\grade2-research\cnnbasedintraprediction\hm-16.0-srcnn\build\vc10\x64\release\tlibdecoder\tdectop.obj
e:\grade2-research\cnnbasedintraprediction\hm-16.0-srcnn\build\vc10\x64\release\tlibdecoder\tdecslice.obj
e:\grade2-research\cnnbasedintraprediction\hm-16.0-srcnn\build\vc10\x64\release\tlibdecoder\tdecsbac.obj
e:\grade2-research\cnnbasedintraprediction\hm-16.0-srcnn\build\vc10\x64\release\tlibdecoder\tdecgop.obj
e:\grade2-research\cnnbasedintraprediction\hm-16.0-srcnn\build\vc10\x64\release\tlibdecoder\tdecentropy.obj
e:\grade2-research\cnnbasedintraprediction\hm-16.0-srcnn\build\vc10\x64\release\tlibdecoder\tdeccu.obj
e:\grade2-research\cnnbasedintraprediction\hm-16.0-srcnn\build\vc10\x64\release\tlibdecoder\tdeccavlc.obj
e:\grade2-research\cnnbasedintraprediction\hm-16.0-srcnn\build\vc10\x64\release\tlibdecoder\tdecbincodercabac.obj
e:\grade2-research\cnnbasedintraprediction\hm-16.0-srcnn\build\vc10\x64\release\tlibdecoder\syntaxelementparser.obj
e:\grade2-research\cnnbasedintraprediction\hm-16.0-srcnn\build\vc10\x64\release\tlibdecoder\seiread.obj
e:\grade2-research\cnnbasedintraprediction\hm-16.0-srcnn\build\vc10\x64\release\tlibdecoder\nalread.obj
e:\grade2-research\cnnbasedintraprediction\hm-16.0-srcnn\build\vc10\x64\release\tlibdecoder\annexbread.obj
e:\grade2-research\cnnbasedintraprediction\hm-16.0-srcnn - 副本\build\vc10\x64\release\tlibdecoder\tlibdecoder.lib
e:\grade2-research\cnnbasedintraprediction\hm-16.0-srcnn\build\vc10\x64\release\tlibdecoder\tlibdecoder.lib
e:\grade2-research\cnnbasedintraprediction\hm-16.0-srcnn\build\\vc10\x64\release\tlibdecoder\tlibdecoder.lib
e:\grade2-research\cnnbasedintraprediction\hm-16.0-srcnn\build\vc10\x64\release\tlibdecoder\tlibdecoder.tlog\cl.command.1.tlog
e:\grade2-research\cnnbasedintraprediction\hm-16.0-srcnn\build\vc10\x64\release\tlibdecoder\tlibdecoder.tlog\cl.read.1.tlog
e:\grade2-research\cnnbasedintraprediction\hm-16.0-srcnn\build\vc10\x64\release\tlibdecoder\tlibdecoder.tlog\cl.write.1.tlog
e:\grade2-research\cnnbasedintraprediction\hm-16.0-srcnn\build\vc10\x64\release\tlibdecoder\tlibdecoder.tlog\lib-link.read.1.tlog
e:\grade2-research\cnnbasedintraprediction\hm-16.0-srcnn\build\vc10\x64\release\tlibdecoder\tlibdecoder.tlog\lib-link.write.1.tlog
e:\grade2-research\cnnbasedintraprediction\hm-16.0-srcnn\build\vc10\x64\release\tlibdecoder\tlibdecoder.tlog\lib.command.1.tlog
