生成启动时间为 2018/5/31 12:10:48。
     1>项目“E:\Grade2-Research\CNNBasedIntraPrediction\HM-16.0-SRCNN - 副本\build\vc10\TLibEncoder_vc10.vcxproj”在节点 3 上(Build 个目标)。
     1>ClCompile:
         D:\Program Files\Microsoft Visual Studio 12.0\VC\bin\x86_amd64\CL.exe /c /I"E:\Grade2-Research\CNNBasedIntraPrediction\HM-16.0-SRCNN - 副本\build\\..\source\Lib\\" /I"E:\Grade2-Research\CNNBasedIntraPrediction\HM-16.0-SRCNN - 副本\build\\..\compat\msvc" /Zi /nologo /W3 /WX- /Od /D WIN32 /D _DEBUG /D _LIB /D _CRT_SECURE_NO_WARNINGS /D _MBCS /Gm /EHsc /RTC1 /MTd /GS /fp:precise /Zc:wchar_t /Zc:forScope /Fo"E:\Grade2-Research\CNNBasedIntraPrediction\HM-16.0-SRCNN - 副本\build\\vc10\x64\Debug\TLibEncoder\\" /Fd"E:\Grade2-Research\CNNBasedIntraPrediction\HM-16.0-SRCNN - 副本\build\\vc10\x64\Debug\TLibEncoder\vc120.pdb" /Gd /TP /errorReport:prompt ..\..\source\Lib\TLibEncoder\NALwrite.cpp ..\..\source\Lib\TLibEncoder\SEIwrite.cpp ..\..\source\Lib\TLibEncoder\SyntaxElementWriter.cpp ..\..\source\Lib\TLibEncoder\TEncAnalyze.cpp ..\..\source\Lib\TLibEncoder\TEncBinCoderCABAC.cpp ..\..\source\Lib\TLibEncoder\TEncBinCoderCABACCounter.cpp ..\..\source\Lib\TLibEncoder\TEncCavlc.cpp ..\..\source\Lib\TLibEncoder\TEncCu.cpp ..\..\source\Lib\TLibEncoder\TEncEntropy.cpp ..\..\source\Lib\TLibEncoder\TEncGOP.cpp ..\..\source\Lib\TLibEncoder\TEncPic.cpp ..\..\source\Lib\TLibEncoder\TEncPreanalyzer.cpp ..\..\source\Lib\TLibEncoder\TEncRateCtrl.cpp ..\..\source\Lib\TLibEncoder\TEncSampleAdaptiveOffset.cpp ..\..\source\Lib\TLibEncoder\TEncSbac.cpp ..\..\source\Lib\TLibEncoder\TEncSearch.cpp ..\..\source\Lib\TLibEncoder\TEncSlice.cpp ..\..\source\Lib\TLibEncoder\TEncTop.cpp ..\..\source\Lib\TLibEncoder\WeightPredAnalysis.cpp
         WeightPredAnalysis.cpp
         TEncTop.cpp
         TEncSlice.cpp
         TEncSearch.cpp
         TEncSbac.cpp
         TEncSampleAdaptiveOffset.cpp
         TEncRateCtrl.cpp
         TEncPreanalyzer.cpp
         TEncPic.cpp
         TEncGOP.cpp
         TEncEntropy.cpp
         TEncCu.cpp
         TEncCavlc.cpp
         TEncBinCoderCABACCounter.cpp
         TEncBinCoderCABAC.cpp
         TEncAnalyze.cpp
         SyntaxElementWriter.cpp
         SEIwrite.cpp
         NALwrite.cpp
         正在生成代码...
       Lib:
         D:\Program Files\Microsoft Visual Studio 12.0\VC\bin\x86_amd64\Lib.exe /OUT:"E:\Grade2-Research\CNNBasedIntraPrediction\HM-16.0-SRCNN - 副本\build\\vc10\x64\Debug\TLibEncoder\TLibEncoder.lib" /NOLOGO /MACHINE:X64 "E:\Grade2-Research\CNNBasedIntraPrediction\HM-16.0-SRCNN - 副本\build\\vc10\x64\Debug\TLibEncoder\NALwrite.obj"
         "E:\Grade2-Research\CNNBasedIntraPrediction\HM-16.0-SRCNN - 副本\build\\vc10\x64\Debug\TLibEncoder\SEIwrite.obj"
         "E:\Grade2-Research\CNNBasedIntraPrediction\HM-16.0-SRCNN - 副本\build\\vc10\x64\Debug\TLibEncoder\SyntaxElementWriter.obj"
         "E:\Grade2-Research\CNNBasedIntraPrediction\HM-16.0-SRCNN - 副本\build\\vc10\x64\Debug\TLibEncoder\TEncAnalyze.obj"
         "E:\Grade2-Research\CNNBasedIntraPrediction\HM-16.0-SRCNN - 副本\build\\vc10\x64\Debug\TLibEncoder\TEncBinCoderCABAC.obj"
         "E:\Grade2-Research\CNNBasedIntraPrediction\HM-16.0-SRCNN - 副本\build\\vc10\x64\Debug\TLibEncoder\TEncBinCoderCABACCounter.obj"
         "E:\Grade2-Research\CNNBasedIntraPrediction\HM-16.0-SRCNN - 副本\build\\vc10\x64\Debug\TLibEncoder\TEncCavlc.obj"
         "E:\Grade2-Research\CNNBasedIntraPrediction\HM-16.0-SRCNN - 副本\build\\vc10\x64\Debug\TLibEncoder\TEncCu.obj"
         "E:\Grade2-Research\CNNBasedIntraPrediction\HM-16.0-SRCNN - 副本\build\\vc10\x64\Debug\TLibEncoder\TEncEntropy.obj"
         "E:\Grade2-Research\CNNBasedIntraPrediction\HM-16.0-SRCNN - 副本\build\\vc10\x64\Debug\TLibEncoder\TEncGOP.obj"
         "E:\Grade2-Research\CNNBasedIntraPrediction\HM-16.0-SRCNN - 副本\build\\vc10\x64\Debug\TLibEncoder\TEncPic.obj"
         "E:\Grade2-Research\CNNBasedIntraPrediction\HM-16.0-SRCNN - 副本\build\\vc10\x64\Debug\TLibEncoder\TEncPreanalyzer.obj"
         "E:\Grade2-Research\CNNBasedIntraPrediction\HM-16.0-SRCNN - 副本\build\\vc10\x64\Debug\TLibEncoder\TEncRateCtrl.obj"
         "E:\Grade2-Research\CNNBasedIntraPrediction\HM-16.0-SRCNN - 副本\build\\vc10\x64\Debug\TLibEncoder\TEncSampleAdaptiveOffset.obj"
         "E:\Grade2-Research\CNNBasedIntraPrediction\HM-16.0-SRCNN - 副本\build\\vc10\x64\Debug\TLibEncoder\TEncSbac.obj"
         "E:\Grade2-Research\CNNBasedIntraPrediction\HM-16.0-SRCNN - 副本\build\\vc10\x64\Debug\TLibEncoder\TEncSearch.obj"
         "E:\Grade2-Research\CNNBasedIntraPrediction\HM-16.0-SRCNN - 副本\build\\vc10\x64\Debug\TLibEncoder\TEncSlice.obj"
         "E:\Grade2-Research\CNNBasedIntraPrediction\HM-16.0-SRCNN - 副本\build\\vc10\x64\Debug\TLibEncoder\TEncTop.obj"
         "E:\Grade2-Research\CNNBasedIntraPrediction\HM-16.0-SRCNN - 副本\build\\vc10\x64\Debug\TLibEncoder\WeightPredAnalysis.obj"
         TLibEncoder_vc10.vcxproj -> E:\Grade2-Research\CNNBasedIntraPrediction\HM-16.0-SRCNN - 副本\build\\vc10\x64\Debug\TLibEncoder\TLibEncoder.lib
     1>已完成生成项目“E:\Grade2-Research\CNNBasedIntraPrediction\HM-16.0-SRCNN - 副本\build\vc10\TLibEncoder_vc10.vcxproj”(Build 个目标)的操作。

生成成功。

已用时间 00:00:11.21
