e:\grade2-research\cnnbasedintraprediction\hm-16.0-srcnn\build\vc10\x64\debug\tlibencoder\vc120.pdb
e:\grade2-research\cnnbasedintraprediction\hm-16.0-srcnn\build\vc10\x64\debug\tlibencoder\vc120.idb
e:\grade2-research\cnnbasedintraprediction\hm-16.0-srcnn\build\vc10\x64\debug\tlibencoder\nalwrite.obj
e:\grade2-research\cnnbasedintraprediction\hm-16.0-srcnn\build\vc10\x64\debug\tlibencoder\seiwrite.obj
e:\grade2-research\cnnbasedintraprediction\hm-16.0-srcnn\build\vc10\x64\debug\tlibencoder\syntaxelementwriter.obj
e:\grade2-research\cnnbasedintraprediction\hm-16.0-srcnn\build\vc10\x64\debug\tlibencoder\tencanalyze.obj
e:\grade2-research\cnnbasedintraprediction\hm-16.0-srcnn\build\vc10\x64\debug\tlibencoder\tencbincodercabac.obj
e:\grade2-research\cnnbasedintraprediction\hm-16.0-srcnn\build\vc10\x64\debug\tlibencoder\tencbincodercabaccounter.obj
e:\grade2-research\cnnbasedintraprediction\hm-16.0-srcnn\build\vc10\x64\debug\tlibencoder\tenccavlc.obj
e:\grade2-research\cnnbasedintraprediction\hm-16.0-srcnn\build\vc10\x64\debug\tlibencoder\tenccu.obj
e:\grade2-research\cnnbasedintraprediction\hm-16.0-srcnn\build\vc10\x64\debug\tlibencoder\tencentropy.obj
e:\grade2-research\cnnbasedintraprediction\hm-16.0-srcnn\build\vc10\x64\debug\tlibencoder\tencgop.obj
e:\grade2-research\cnnbasedintraprediction\hm-16.0-srcnn\build\vc10\x64\debug\tlibencoder\tencpic.obj
e:\grade2-research\cnnbasedintraprediction\hm-16.0-srcnn\build\vc10\x64\debug\tlibencoder\tencpreanalyzer.obj
e:\grade2-research\cnnbasedintraprediction\hm-16.0-srcnn\build\vc10\x64\debug\tlibencoder\tencratectrl.obj
e:\grade2-research\cnnbasedintraprediction\hm-16.0-srcnn\build\vc10\x64\debug\tlibencoder\tencsampleadaptiveoffset.obj
e:\grade2-research\cnnbasedintraprediction\hm-16.0-srcnn\build\vc10\x64\debug\tlibencoder\tencsbac.obj
e:\grade2-research\cnnbasedintraprediction\hm-16.0-srcnn\build\vc10\x64\debug\tlibencoder\tencsearch.obj
e:\grade2-research\cnnbasedintraprediction\hm-16.0-srcnn\build\vc10\x64\debug\tlibencoder\tencslice.obj
e:\grade2-research\cnnbasedintraprediction\hm-16.0-srcnn\build\vc10\x64\debug\tlibencoder\tenctop.obj
e:\grade2-research\cnnbasedintraprediction\hm-16.0-srcnn\build\vc10\x64\debug\tlibencoder\weightpredanalysis.obj
e:\grade2-research\cnnbasedintraprediction\hm-16.0-srcnn - 副本\build\vc10\x64\debug\tlibencoder\vc120.pdb
e:\grade2-research\cnnbasedintraprediction\hm-16.0-srcnn - 副本\build\vc10\x64\debug\tlibencoder\vc120.idb
e:\grade2-research\cnnbasedintraprediction\hm-16.0-srcnn - 副本\build\vc10\x64\debug\tlibencoder\nalwrite.obj
e:\grade2-research\cnnbasedintraprediction\hm-16.0-srcnn - 副本\build\vc10\x64\debug\tlibencoder\seiwrite.obj
e:\grade2-research\cnnbasedintraprediction\hm-16.0-srcnn - 副本\build\vc10\x64\debug\tlibencoder\syntaxelementwriter.obj
e:\grade2-research\cnnbasedintraprediction\hm-16.0-srcnn - 副本\build\vc10\x64\debug\tlibencoder\tencanalyze.obj
e:\grade2-research\cnnbasedintraprediction\hm-16.0-srcnn - 副本\build\vc10\x64\debug\tlibencoder\tencbincodercabac.obj
e:\grade2-research\cnnbasedintraprediction\hm-16.0-srcnn - 副本\build\vc10\x64\debug\tlibencoder\tencbincodercabaccounter.obj
e:\grade2-research\cnnbasedintraprediction\hm-16.0-srcnn - 副本\build\vc10\x64\debug\tlibencoder\tenccavlc.obj
e:\grade2-research\cnnbasedintraprediction\hm-16.0-srcnn - 副本\build\vc10\x64\debug\tlibencoder\tenccu.obj
e:\grade2-research\cnnbasedintraprediction\hm-16.0-srcnn - 副本\build\vc10\x64\debug\tlibencoder\tencentropy.obj
e:\grade2-research\cnnbasedintraprediction\hm-16.0-srcnn - 副本\build\vc10\x64\debug\tlibencoder\tencgop.obj
e:\grade2-research\cnnbasedintraprediction\hm-16.0-srcnn - 副本\build\vc10\x64\debug\tlibencoder\tencpic.obj
e:\grade2-research\cnnbasedintraprediction\hm-16.0-srcnn - 副本\build\vc10\x64\debug\tlibencoder\tencpreanalyzer.obj
e:\grade2-research\cnnbasedintraprediction\hm-16.0-srcnn - 副本\build\vc10\x64\debug\tlibencoder\tencratectrl.obj
e:\grade2-research\cnnbasedintraprediction\hm-16.0-srcnn - 副本\build\vc10\x64\debug\tlibencoder\tencsampleadaptiveoffset.obj
e:\grade2-research\cnnbasedintraprediction\hm-16.0-srcnn - 副本\build\vc10\x64\debug\tlibencoder\tencsbac.obj
e:\grade2-research\cnnbasedintraprediction\hm-16.0-srcnn - 副本\build\vc10\x64\debug\tlibencoder\tencsearch.obj
e:\grade2-research\cnnbasedintraprediction\hm-16.0-srcnn - 副本\build\vc10\x64\debug\tlibencoder\tencslice.obj
e:\grade2-research\cnnbasedintraprediction\hm-16.0-srcnn - 副本\build\vc10\x64\debug\tlibencoder\tenctop.obj
e:\grade2-research\cnnbasedintraprediction\hm-16.0-srcnn - 副本\build\vc10\x64\debug\tlibencoder\weightpredanalysis.obj
e:\grade2-research\cnnbasedintraprediction\hm-16.0-srcnn - 副本\build\vc10\x64\debug\tlibencoder\tlibencoder.lib
e:\grade2-research\cnnbasedintraprediction\hm-16.0-srcnn\build\vc10\x64\debug\tlibencoder\tlibencoder.lib
e:\grade2-research\cnnbasedintraprediction\hm-16.0-srcnn\build\\vc10\x64\debug\tlibencoder\tlibencoder.lib
e:\grade2-research\cnnbasedintraprediction\hm-16.0-srcnn\build\vc10\x64\debug\tlibencoder\tlibencoder.tlog\cl.command.1.tlog
e:\grade2-research\cnnbasedintraprediction\hm-16.0-srcnn\build\vc10\x64\debug\tlibencoder\tlibencoder.tlog\cl.read.1.tlog
e:\grade2-research\cnnbasedintraprediction\hm-16.0-srcnn\build\vc10\x64\debug\tlibencoder\tlibencoder.tlog\cl.write.1.tlog
e:\grade2-research\cnnbasedintraprediction\hm-16.0-srcnn\build\vc10\x64\debug\tlibencoder\tlibencoder.tlog\lib-link.read.1.tlog
e:\grade2-research\cnnbasedintraprediction\hm-16.0-srcnn\build\vc10\x64\debug\tlibencoder\tlibencoder.tlog\lib-link.write.1.tlog
e:\grade2-research\cnnbasedintraprediction\hm-16.0-srcnn\build\vc10\x64\debug\tlibencoder\tlibencoder.tlog\lib.command.1.tlog
